app/build/intermediates/manifest_merge_blame_file/debug/manifest-merger-blame-debug-report.txt
1<?xml version="1.0" encoding="utf-8"?>
2<manifest xmlns:android="http://schemas.android.com/apk/res/android"
3    package="com.example.projectnewsapp"
4    android:versionCode="1"
5    android:versionName="1.0" >
6
7    <uses-sdk
8        android:minSdkVersion="21"
8-->src\main\AndroidManifest.xml
9        android:targetSdkVersion="32" />
9-->src\main\AndroidManifest.xml
10
11    <uses-permission android:name="android.permission.INTERNET" />
11-->src\main\AndroidManifest.xml:5:5-67
11-->src\main\AndroidManifest.xml:5:22-64
12
13    <!-- Although the *SdkVersion is captured in gradle build files, this is required for non gradle builds -->
14    <!-- <uses-sdk android:minSdkVersion="14"/> -->
15    <uses-permission android:name="android.permission.ACCESS_NETWORK_STATE" />
15-->[com.google.firebase:firebase-database:20.1.0] AndroidManifest.xml:24:5-79
15-->[com.google.firebase:firebase-database:20.1.0] AndroidManifest.xml:24:22-76
16
17    <application
17-->src\main\AndroidManifest.xml:7:5-140:19
18        android:allowBackup="true"
18-->src\main\AndroidManifest.xml:8:9-35
19        android:appComponentFactory="androidx.core.app.CoreComponentFactory"
19-->[androidx.core:core:1.8.0] AndroidManifest.xml:24:18-86
20        android:dataExtractionRules="@xml/data_extraction_rules"
20-->src\main\AndroidManifest.xml:9:9-65
21        android:debuggable="true"
22        android:fullBackupContent="@xml/backup_rules"
22-->src\main\AndroidManifest.xml:10:9-54
23        android:icon="@drawable/app_icon"
23-->src\main\AndroidManifest.xml:11:9-42
24        android:label="@string/app_name"
24-->src\main\AndroidManifest.xml:12:9-41
25        android:roundIcon="@drawable/app_icon"
25-->src\main\AndroidManifest.xml:13:9-47
26        android:supportsRtl="true"
26-->src\main\AndroidManifest.xml:14:9-35
27        android:testOnly="true"
28        android:theme="@style/Theme.ProjectNewsApp" >
28-->src\main\AndroidManifest.xml:15:9-52
29        <activity
29-->src\main\AndroidManifest.xml:17:9-23:20
30            android:name="com.example.projectnewsapp.DetailsActivity2"
30-->src\main\AndroidManifest.xml:18:13-45
31            android:exported="false" >
31-->src\main\AndroidManifest.xml:19:13-37
32            <meta-data
32-->src\main\AndroidManifest.xml:20:13-22:36
33                android:name="android.app.lib_name"
33-->src\main\AndroidManifest.xml:21:17-52
34                android:value="" />
34-->src\main\AndroidManifest.xml:22:17-33
35        </activity>
36        <activity
36-->src\main\AndroidManifest.xml:24:9-30:20
37            android:name="com.example.projectnewsapp.AddNewsToFireStoreActivity"
37-->src\main\AndroidManifest.xml:25:13-55
38            android:exported="false" >
38-->src\main\AndroidManifest.xml:26:13-37
39            <meta-data
39-->src\main\AndroidManifest.xml:20:13-22:36
40                android:name="android.app.lib_name"
40-->src\main\AndroidManifest.xml:21:17-52
41                android:value="" />
41-->src\main\AndroidManifest.xml:22:17-33
42        </activity>
43        <activity
43-->src\main\AndroidManifest.xml:31:9-37:20
44            android:name="com.example.projectnewsapp.AdminOrUser"
44-->src\main\AndroidManifest.xml:32:13-40
45            android:exported="false" >
45-->src\main\AndroidManifest.xml:33:13-37
46            <meta-data
46-->src\main\AndroidManifest.xml:20:13-22:36
47                android:name="android.app.lib_name"
47-->src\main\AndroidManifest.xml:21:17-52
48                android:value="" />
48-->src\main\AndroidManifest.xml:22:17-33
49        </activity>
50        <activity
50-->src\main\AndroidManifest.xml:38:9-44:20
51            android:name="com.example.projectnewsapp.AdminPannelActivity"
51-->src\main\AndroidManifest.xml:39:13-48
52            android:exported="false" >
52-->src\main\AndroidManifest.xml:40:13-37
53            <meta-data
53-->src\main\AndroidManifest.xml:20:13-22:36
54                android:name="android.app.lib_name"
54-->src\main\AndroidManifest.xml:21:17-52
55                android:value="" />
55-->src\main\AndroidManifest.xml:22:17-33
56        </activity>
57        <activity
57-->src\main\AndroidManifest.xml:45:9-52:20
58            android:name="com.example.projectnewsapp.AdminLoginActivity"
58-->src\main\AndroidManifest.xml:46:13-47
59            android:exported="false" >
59-->src\main\AndroidManifest.xml:47:13-37
60            <meta-data
60-->src\main\AndroidManifest.xml:20:13-22:36
61                android:name="android.app.lib_name"
61-->src\main\AndroidManifest.xml:21:17-52
62                android:value="" />
62-->src\main\AndroidManifest.xml:22:17-33
63        </activity>
64        <activity
64-->src\main\AndroidManifest.xml:53:9-59:20
65            android:name="com.example.projectnewsapp.SearchNewsActivity"
65-->src\main\AndroidManifest.xml:54:13-47
66            android:exported="false" >
66-->src\main\AndroidManifest.xml:55:13-37
67            <meta-data
67-->src\main\AndroidManifest.xml:20:13-22:36
68                android:name="android.app.lib_name"
68-->src\main\AndroidManifest.xml:21:17-52
69                android:value="" />
69-->src\main\AndroidManifest.xml:22:17-33
70        </activity>
71        <activity
71-->src\main\AndroidManifest.xml:60:9-66:20
72            android:name="com.example.projectnewsapp.CountryWiseNews"
72-->src\main\AndroidManifest.xml:61:13-44
73            android:exported="false" >
73-->src\main\AndroidManifest.xml:62:13-37
74            <meta-data
74-->src\main\AndroidManifest.xml:20:13-22:36
75                android:name="android.app.lib_name"
75-->src\main\AndroidManifest.xml:21:17-52
76                android:value="" />
76-->src\main\AndroidManifest.xml:22:17-33
77        </activity>
78        <activity
78-->src\main\AndroidManifest.xml:67:9-73:20
79            android:name="com.example.projectnewsapp.ChannelWebViewActivity"
79-->src\main\AndroidManifest.xml:68:13-51
80            android:exported="false" >
80-->src\main\AndroidManifest.xml:69:13-37
81            <meta-data
81-->src\main\AndroidManifest.xml:20:13-22:36
82                android:name="android.app.lib_name"
82-->src\main\AndroidManifest.xml:21:17-52
83                android:value="" />
83-->src\main\AndroidManifest.xml:22:17-33
84        </activity>
85        <activity
85-->src\main\AndroidManifest.xml:74:9-80:20
86            android:name="com.example.projectnewsapp.CountryChoiceActivity"
86-->src\main\AndroidManifest.xml:75:13-50
87            android:exported="false" >
87-->src\main\AndroidManifest.xml:76:13-37
88            <meta-data
88-->src\main\AndroidManifest.xml:20:13-22:36
89                android:name="android.app.lib_name"
89-->src\main\AndroidManifest.xml:21:17-52
90                android:value="" />
90-->src\main\AndroidManifest.xml:22:17-33
91        </activity>
92        <activity
92-->src\main\AndroidManifest.xml:81:9-87:20
93            android:name="com.example.projectnewsapp.WatchVideoActivity"
93-->src\main\AndroidManifest.xml:82:13-47
94            android:exported="false" >
94-->src\main\AndroidManifest.xml:83:13-37
95            <meta-data
95-->src\main\AndroidManifest.xml:20:13-22:36
96                android:name="android.app.lib_name"
96-->src\main\AndroidManifest.xml:21:17-52
97                android:value="" />
97-->src\main\AndroidManifest.xml:22:17-33
98        </activity>
99        <activity
99-->src\main\AndroidManifest.xml:88:9-94:20
100            android:name="com.example.projectnewsapp.categoryWiseNews"
100-->src\main\AndroidManifest.xml:89:13-45
101            android:exported="false" >
101-->src\main\AndroidManifest.xml:90:13-37
102            <meta-data
102-->src\main\AndroidManifest.xml:20:13-22:36
103                android:name="android.app.lib_name"
103-->src\main\AndroidManifest.xml:21:17-52
104                android:value="" />
104-->src\main\AndroidManifest.xml:22:17-33
105        </activity>
106        <activity
106-->src\main\AndroidManifest.xml:95:9-101:20
107            android:name="com.example.projectnewsapp.DetailsActivity"
107-->src\main\AndroidManifest.xml:96:13-44
108            android:exported="false" >
108-->src\main\AndroidManifest.xml:97:13-37
109            <meta-data
109-->src\main\AndroidManifest.xml:20:13-22:36
110                android:name="android.app.lib_name"
110-->src\main\AndroidManifest.xml:21:17-52
111                android:value="" />
111-->src\main\AndroidManifest.xml:22:17-33
112        </activity>
113        <activity
113-->src\main\AndroidManifest.xml:102:9-109:20
114            android:name="com.example.projectnewsapp.HomepageActivity"
114-->src\main\AndroidManifest.xml:103:13-45
115            android:exported="false"
115-->src\main\AndroidManifest.xml:104:13-37
116            android:theme="@style/AppTheme.NoActionBar" >
116-->src\main\AndroidManifest.xml:105:13-56
117            <meta-data
117-->src\main\AndroidManifest.xml:20:13-22:36
118                android:name="android.app.lib_name"
118-->src\main\AndroidManifest.xml:21:17-52
119                android:value="" />
119-->src\main\AndroidManifest.xml:22:17-33
120        </activity>
121        <activity
121-->src\main\AndroidManifest.xml:110:9-117:20
122            android:name="com.example.projectnewsapp.LoginActivity"
122-->src\main\AndroidManifest.xml:111:13-42
123            android:exported="false"
123-->src\main\AndroidManifest.xml:112:13-37
124            android:theme="@style/AppTheme.NoActionBar" >
124-->src\main\AndroidManifest.xml:113:13-56
125            <meta-data
125-->src\main\AndroidManifest.xml:20:13-22:36
126                android:name="android.app.lib_name"
126-->src\main\AndroidManifest.xml:21:17-52
127                android:value="" />
127-->src\main\AndroidManifest.xml:22:17-33
128        </activity>
129        <activity
129-->src\main\AndroidManifest.xml:118:9-125:20
130            android:name="com.example.projectnewsapp.SignUpActivity"
130-->src\main\AndroidManifest.xml:119:13-43
131            android:exported="false"
131-->src\main\AndroidManifest.xml:120:13-37
132            android:theme="@style/AppTheme.NoActionBar" >
132-->src\main\AndroidManifest.xml:121:13-56
133            <meta-data
133-->src\main\AndroidManifest.xml:20:13-22:36
134                android:name="android.app.lib_name"
134-->src\main\AndroidManifest.xml:21:17-52
135                android:value="" />
135-->src\main\AndroidManifest.xml:22:17-33
136        </activity>
137        <activity
137-->src\main\AndroidManifest.xml:126:9-139:20
138            android:name="com.example.projectnewsapp.SplashScreen"
138-->src\main\AndroidManifest.xml:127:13-41
139            android:exported="true"
139-->src\main\AndroidManifest.xml:128:13-36
140            android:theme="@style/Theme.AppCompat.NoActionBar" >
140-->src\main\AndroidManifest.xml:129:13-63
141            <intent-filter>
141-->src\main\AndroidManifest.xml:130:13-134:29
142                <action android:name="android.intent.action.MAIN" />
142-->src\main\AndroidManifest.xml:131:17-69
142-->src\main\AndroidManifest.xml:131:25-66
143
144                <category android:name="android.intent.category.LAUNCHER" />
144-->src\main\AndroidManifest.xml:133:17-77
144-->src\main\AndroidManifest.xml:133:27-74
145            </intent-filter>
146
147            <meta-data
147-->src\main\AndroidManifest.xml:20:13-22:36
148                android:name="android.app.lib_name"
148-->src\main\AndroidManifest.xml:21:17-52
149                android:value="" />
149-->src\main\AndroidManifest.xml:22:17-33
150        </activity>
151
152        <service
152-->[com.google.firebase:firebase-database:20.1.0] AndroidManifest.xml:28:9-34:19
153            android:name="com.google.firebase.components.ComponentDiscoveryService"
153-->[com.google.firebase:firebase-database:20.1.0] AndroidManifest.xml:29:13-84
154            android:directBootAware="true"
154-->[com.google.firebase:firebase-common:20.2.0] AndroidManifest.xml:34:13-43
155            android:exported="false" >
155-->[com.google.firebase:firebase-database:20.1.0] AndroidManifest.xml:30:13-37
156            <meta-data
156-->[com.google.firebase:firebase-database:20.1.0] AndroidManifest.xml:31:13-33:85
157                android:name="com.google.firebase.components:com.google.firebase.database.DatabaseRegistrar"
157-->[com.google.firebase:firebase-database:20.1.0] AndroidManifest.xml:32:17-109
158                android:value="com.google.firebase.components.ComponentRegistrar" />
158-->[com.google.firebase:firebase-database:20.1.0] AndroidManifest.xml:33:17-82
159            <meta-data
159-->[com.google.firebase:firebase-auth:21.1.0] AndroidManifest.xml:67:13-69:85
160                android:name="com.google.firebase.components:com.google.firebase.auth.FirebaseAuthRegistrar"
160-->[com.google.firebase:firebase-auth:21.1.0] AndroidManifest.xml:68:17-109
161                android:value="com.google.firebase.components.ComponentRegistrar" />
161-->[com.google.firebase:firebase-auth:21.1.0] AndroidManifest.xml:69:17-82
162            <meta-data
162-->[com.google.firebase:firebase-firestore:24.4.1] AndroidManifest.xml:19:13-21:85
163                android:name="com.google.firebase.components:com.google.firebase.firestore.FirestoreRegistrar"
163-->[com.google.firebase:firebase-firestore:24.4.1] AndroidManifest.xml:20:17-111
164                android:value="com.google.firebase.components.ComponentRegistrar" />
164-->[com.google.firebase:firebase-firestore:24.4.1] AndroidManifest.xml:21:17-82
165        </service>
166
167        <activity
167-->[com.google.firebase:firebase-auth:21.1.0] AndroidManifest.xml:27:9-44:20
168            android:name="com.google.firebase.auth.internal.GenericIdpActivity"
168-->[com.google.firebase:firebase-auth:21.1.0] AndroidManifest.xml:28:13-80
169            android:excludeFromRecents="true"
169-->[com.google.firebase:firebase-auth:21.1.0] AndroidManifest.xml:29:13-46
170            android:exported="true"
170-->[com.google.firebase:firebase-auth:21.1.0] AndroidManifest.xml:30:13-36
171            android:launchMode="singleTask"
171-->[com.google.firebase:firebase-auth:21.1.0] AndroidManifest.xml:31:13-44
172            android:theme="@android:style/Theme.Translucent.NoTitleBar" >
172-->[com.google.firebase:firebase-auth:21.1.0] AndroidManifest.xml:32:13-72
173            <intent-filter>
173-->[com.google.firebase:firebase-auth:21.1.0] AndroidManifest.xml:33:13-43:29
174                <action android:name="android.intent.action.VIEW" />
174-->[com.google.firebase:firebase-auth:21.1.0] AndroidManifest.xml:34:17-69
174-->[com.google.firebase:firebase-auth:21.1.0] AndroidManifest.xml:34:25-66
175
176                <category android:name="android.intent.category.DEFAULT" />
176-->[com.google.firebase:firebase-auth:21.1.0] AndroidManifest.xml:36:17-76
176-->[com.google.firebase:firebase-auth:21.1.0] AndroidManifest.xml:36:27-73
177                <category android:name="android.intent.category.BROWSABLE" />
177-->[com.google.firebase:firebase-auth:21.1.0] AndroidManifest.xml:37:17-78
177-->[com.google.firebase:firebase-auth:21.1.0] AndroidManifest.xml:37:27-75
178
179                <data
179-->[com.google.firebase:firebase-auth:21.1.0] AndroidManifest.xml:39:17-42:51
180                    android:host="firebase.auth"
180-->[com.google.firebase:firebase-auth:21.1.0] AndroidManifest.xml:40:21-49
181                    android:path="/"
181-->[com.google.firebase:firebase-auth:21.1.0] AndroidManifest.xml:41:21-37
182                    android:scheme="genericidp" />
182-->[com.google.firebase:firebase-auth:21.1.0] AndroidManifest.xml:42:21-48
183            </intent-filter>
184        </activity>
185        <activity
185-->[com.google.firebase:firebase-auth:21.1.0] AndroidManifest.xml:45:9-62:20
186            android:name="com.google.firebase.auth.internal.RecaptchaActivity"
186-->[com.google.firebase:firebase-auth:21.1.0] AndroidManifest.xml:46:13-79
187            android:excludeFromRecents="true"
187-->[com.google.firebase:firebase-auth:21.1.0] AndroidManifest.xml:47:13-46
188            android:exported="true"
188-->[com.google.firebase:firebase-auth:21.1.0] AndroidManifest.xml:48:13-36
189            android:launchMode="singleTask"
189-->[com.google.firebase:firebase-auth:21.1.0] AndroidManifest.xml:49:13-44
190            android:theme="@android:style/Theme.Translucent.NoTitleBar" >
190-->[com.google.firebase:firebase-auth:21.1.0] AndroidManifest.xml:50:13-72
191            <intent-filter>
191-->[com.google.firebase:firebase-auth:21.1.0] AndroidManifest.xml:51:13-61:29
192                <action android:name="android.intent.action.VIEW" />
192-->[com.google.firebase:firebase-auth:21.1.0] AndroidManifest.xml:34:17-69
192-->[com.google.firebase:firebase-auth:21.1.0] AndroidManifest.xml:34:25-66
193
194                <category android:name="android.intent.category.DEFAULT" />
194-->[com.google.firebase:firebase-auth:21.1.0] AndroidManifest.xml:36:17-76
194-->[com.google.firebase:firebase-auth:21.1.0] AndroidManifest.xml:36:27-73
195                <category android:name="android.intent.category.BROWSABLE" />
195-->[com.google.firebase:firebase-auth:21.1.0] AndroidManifest.xml:37:17-78
195-->[com.google.firebase:firebase-auth:21.1.0] AndroidManifest.xml:37:27-75
196
197                <data
197-->[com.google.firebase:firebase-auth:21.1.0] AndroidManifest.xml:39:17-42:51
198                    android:host="firebase.auth"
198-->[com.google.firebase:firebase-auth:21.1.0] AndroidManifest.xml:40:21-49
199                    android:path="/"
199-->[com.google.firebase:firebase-auth:21.1.0] AndroidManifest.xml:41:21-37
200                    android:scheme="recaptcha" />
200-->[com.google.firebase:firebase-auth:21.1.0] AndroidManifest.xml:42:21-48
201            </intent-filter>
202        </activity>
203        <activity
203-->[com.google.android.gms:play-services-base:18.0.1] AndroidManifest.xml:20:9-22:45
204            android:name="com.google.android.gms.common.api.GoogleApiActivity"
204-->[com.google.android.gms:play-services-base:18.0.1] AndroidManifest.xml:20:19-85
205            android:exported="false"
205-->[com.google.android.gms:play-services-base:18.0.1] AndroidManifest.xml:22:19-43
206            android:theme="@android:style/Theme.Translucent.NoTitleBar" />
206-->[com.google.android.gms:play-services-base:18.0.1] AndroidManifest.xml:21:19-78
207
208        <provider
208-->[com.google.firebase:firebase-common:20.2.0] AndroidManifest.xml:25:9-30:39
209            android:name="com.google.firebase.provider.FirebaseInitProvider"
209-->[com.google.firebase:firebase-common:20.2.0] AndroidManifest.xml:26:13-77
210            android:authorities="com.example.projectnewsapp.firebaseinitprovider"
210-->[com.google.firebase:firebase-common:20.2.0] AndroidManifest.xml:27:13-72
211            android:directBootAware="true"
211-->[com.google.firebase:firebase-common:20.2.0] AndroidManifest.xml:28:13-43
212            android:exported="false"
212-->[com.google.firebase:firebase-common:20.2.0] AndroidManifest.xml:29:13-37
213            android:initOrder="100" />
213-->[com.google.firebase:firebase-common:20.2.0] AndroidManifest.xml:30:13-36
214
215        <meta-data
215-->[com.google.android.gms:play-services-basement:18.1.0] AndroidManifest.xml:21:9-23:69
216            android:name="com.google.android.gms.version"
216-->[com.google.android.gms:play-services-basement:18.1.0] AndroidManifest.xml:22:13-58
217            android:value="@integer/google_play_services_version" />
217-->[com.google.android.gms:play-services-basement:18.1.0] AndroidManifest.xml:23:13-66
218
219        <provider
219-->[androidx.emoji2:emoji2:1.2.0] AndroidManifest.xml:24:9-32:20
220            android:name="androidx.startup.InitializationProvider"
220-->[androidx.emoji2:emoji2:1.2.0] AndroidManifest.xml:25:13-67
221            android:authorities="com.example.projectnewsapp.androidx-startup"
221-->[androidx.emoji2:emoji2:1.2.0] AndroidManifest.xml:26:13-68
222            android:exported="false" >
222-->[androidx.emoji2:emoji2:1.2.0] AndroidManifest.xml:27:13-37
223            <meta-data
223-->[androidx.emoji2:emoji2:1.2.0] AndroidManifest.xml:29:13-31:52
224                android:name="androidx.emoji2.text.EmojiCompatInitializer"
224-->[androidx.emoji2:emoji2:1.2.0] AndroidManifest.xml:30:17-75
225                android:value="androidx.startup" />
225-->[androidx.emoji2:emoji2:1.2.0] AndroidManifest.xml:31:17-49
226            <meta-data
226-->[androidx.lifecycle:lifecycle-process:2.4.1] AndroidManifest.xml:31:13-33:52
227                android:name="androidx.lifecycle.ProcessLifecycleInitializer"
227-->[androidx.lifecycle:lifecycle-process:2.4.1] AndroidManifest.xml:32:17-78
228                android:value="androidx.startup" />
228-->[androidx.lifecycle:lifecycle-process:2.4.1] AndroidManifest.xml:33:17-49
229        </provider>
230    </application>
231
232</manifest>